2022-04-25 12:13:41,830 INFO    MainThread:5148 [internal.py:wandb_internal():90] W&B internal server running at pid: 5148, started at: 2022-04-25 12:13:41.830163
2022-04-25 12:13:41,831 INFO    WriterThread:5148 [datastore.py:open_for_write():75] open: /Users/max/Developer/future-studio-lab/dalle-playground/backend/wandb/run-20220425_121339-30ohblze/run-30ohblze.wandb
2022-04-25 12:13:41,833 DEBUG   SenderThread:5148 [sender.py:send():232] send: header
2022-04-25 12:13:41,833 DEBUG   SenderThread:5148 [sender.py:send():232] send: run
2022-04-25 12:13:42,056 DEBUG   HandlerThread:5148 [handler.py:handle_request():141] handle_request: check_version
2022-04-25 12:13:42,071 INFO    SenderThread:5148 [dir_watcher.py:__init__():166] watching files in: /Users/max/Developer/future-studio-lab/dalle-playground/backend/wandb/run-20220425_121339-30ohblze/files
2022-04-25 12:13:42,071 INFO    SenderThread:5148 [sender.py:_start_run_threads():811] run started: 30ohblze with start time 1650906819
2022-04-25 12:13:42,071 DEBUG   SenderThread:5148 [sender.py:send():232] send: summary
2022-04-25 12:13:42,072 INFO    SenderThread:5148 [sender.py:_save_file():946] saving file wandb-summary.json with policy end
2022-04-25 12:13:42,072 DEBUG   SenderThread:5148 [sender.py:send_request():246] send_request: check_version
2022-04-25 12:13:42,399 DEBUG   HandlerThread:5148 [handler.py:handle_request():141] handle_request: run_start
2022-04-25 12:13:42,403 DEBUG   HandlerThread:5148 [meta.py:__init__():35] meta init
2022-04-25 12:13:42,406 DEBUG   HandlerThread:5148 [meta.py:__init__():49] meta init done
2022-04-25 12:13:42,407 DEBUG   HandlerThread:5148 [meta.py:probe():209] probe
2022-04-25 12:13:42,413 DEBUG   HandlerThread:5148 [meta.py:_setup_git():199] setup git
2022-04-25 12:13:42,437 DEBUG   HandlerThread:5148 [meta.py:_setup_git():206] setup git done
2022-04-25 12:13:42,438 DEBUG   HandlerThread:5148 [meta.py:_save_pip():53] save pip
2022-04-25 12:13:42,440 DEBUG   HandlerThread:5148 [meta.py:_save_pip():67] save pip done
2022-04-25 12:13:42,440 DEBUG   HandlerThread:5148 [meta.py:_save_conda():74] save conda
2022-04-25 12:13:43,077 INFO    Thread-7  :5148 [dir_watcher.py:_on_file_created():213] file/dir created: /Users/max/Developer/future-studio-lab/dalle-playground/backend/wandb/run-20220425_121339-30ohblze/files/requirements.txt
2022-04-25 12:13:43,078 INFO    Thread-7  :5148 [dir_watcher.py:_on_file_created():213] file/dir created: /Users/max/Developer/future-studio-lab/dalle-playground/backend/wandb/run-20220425_121339-30ohblze/files/wandb-summary.json
2022-04-25 12:13:43,078 INFO    Thread-7  :5148 [dir_watcher.py:_on_file_created():213] file/dir created: /Users/max/Developer/future-studio-lab/dalle-playground/backend/wandb/run-20220425_121339-30ohblze/files/conda-environment.yaml
2022-04-25 12:13:46,749 DEBUG   HandlerThread:5148 [meta.py:_save_conda():84] save conda done
2022-04-25 12:13:46,749 DEBUG   HandlerThread:5148 [meta.py:probe():247] probe done
2022-04-25 12:13:46,755 DEBUG   SenderThread:5148 [sender.py:send():232] send: files
2022-04-25 12:13:46,755 INFO    SenderThread:5148 [sender.py:_save_file():946] saving file wandb-metadata.json with policy now
2022-04-25 12:13:46,764 DEBUG   HandlerThread:5148 [handler.py:handle_request():141] handle_request: stop_status
2022-04-25 12:13:46,764 DEBUG   SenderThread:5148 [sender.py:send_request():246] send_request: stop_status
2022-04-25 12:13:47,083 INFO    Thread-7  :5148 [dir_watcher.py:_on_file_modified():226] file/dir modified: /Users/max/Developer/future-studio-lab/dalle-playground/backend/wandb/run-20220425_121339-30ohblze/files/conda-environment.yaml
2022-04-25 12:13:47,084 INFO    Thread-7  :5148 [dir_watcher.py:_on_file_created():213] file/dir created: /Users/max/Developer/future-studio-lab/dalle-playground/backend/wandb/run-20220425_121339-30ohblze/files/output.log
2022-04-25 12:13:47,084 INFO    Thread-7  :5148 [dir_watcher.py:_on_file_created():213] file/dir created: /Users/max/Developer/future-studio-lab/dalle-playground/backend/wandb/run-20220425_121339-30ohblze/files/wandb-metadata.json
2022-04-25 12:13:47,532 DEBUG   SenderThread:5148 [sender.py:send():232] send: telemetry
2022-04-25 12:13:48,340 INFO    Thread-11 :5148 [upload_job.py:push():137] Uploaded file /var/folders/22/mh3tzl8n7sdd9stq12996n0m0000gn/T/tmpg8ropopfwandb/2cngxrm3-wandb-metadata.json
2022-04-25 12:13:51,092 INFO    Thread-7  :5148 [dir_watcher.py:_on_file_modified():226] file/dir modified: /Users/max/Developer/future-studio-lab/dalle-playground/backend/wandb/run-20220425_121339-30ohblze/files/output.log
2022-04-25 12:13:57,103 INFO    Thread-7  :5148 [dir_watcher.py:_on_file_modified():226] file/dir modified: /Users/max/Developer/future-studio-lab/dalle-playground/backend/wandb/run-20220425_121339-30ohblze/files/output.log
2022-04-25 12:14:02,534 DEBUG   HandlerThread:5148 [handler.py:handle_request():141] handle_request: stop_status
2022-04-25 12:14:02,534 DEBUG   SenderThread:5148 [sender.py:send_request():246] send_request: stop_status
2022-04-25 12:14:06,076 ERROR   SenderThread:5148 [retry.py:__call__():126] Retry attempt failed:
Traceback (most recent call last):
  File "/Users/max/opt/anaconda3/lib/python3.9/site-packages/urllib3/connection.py", line 174, in _new_conn
    conn = connection.create_connection(
  File "/Users/max/opt/anaconda3/lib/python3.9/site-packages/urllib3/util/connection.py", line 73, in create_connection
    for res in socket.getaddrinfo(host, port, family, socket.SOCK_STREAM):
  File "/Users/max/opt/anaconda3/lib/python3.9/socket.py", line 954, in getaddrinfo
    for res in _socket.getaddrinfo(host, port, family, type, proto, flags):
socket.gaierror: [Errno 8] nodename nor servname provided, or not known

During handling of the above exception, another exception occurred:

Traceback (most recent call last):
  File "/Users/max/opt/anaconda3/lib/python3.9/site-packages/urllib3/connectionpool.py", line 699, in urlopen
    httplib_response = self._make_request(
  File "/Users/max/opt/anaconda3/lib/python3.9/site-packages/urllib3/connectionpool.py", line 382, in _make_request
    self._validate_conn(conn)
  File "/Users/max/opt/anaconda3/lib/python3.9/site-packages/urllib3/connectionpool.py", line 1010, in _validate_conn
    conn.connect()
  File "/Users/max/opt/anaconda3/lib/python3.9/site-packages/urllib3/connection.py", line 358, in connect
    conn = self._new_conn()
  File "/Users/max/opt/anaconda3/lib/python3.9/site-packages/urllib3/connection.py", line 186, in _new_conn
    raise NewConnectionError(
urllib3.exceptions.NewConnectionError: <urllib3.connection.HTTPSConnection object at 0x7fdc5961b460>: Failed to establish a new connection: [Errno 8] nodename nor servname provided, or not known

During handling of the above exception, another exception occurred:

Traceback (most recent call last):
  File "/Users/max/opt/anaconda3/lib/python3.9/site-packages/requests/adapters.py", line 439, in send
    resp = conn.urlopen(
  File "/Users/max/opt/anaconda3/lib/python3.9/site-packages/urllib3/connectionpool.py", line 755, in urlopen
    retries = retries.increment(
  File "/Users/max/opt/anaconda3/lib/python3.9/site-packages/urllib3/util/retry.py", line 574, in increment
    raise MaxRetryError(_pool, url, error or ResponseError(cause))
urllib3.exceptions.MaxRetryError: HTTPSConnectionPool(host='api.wandb.ai', port=443): Max retries exceeded with url: /graphql (Caused by NewConnectionError('<urllib3.connection.HTTPSConnection object at 0x7fdc5961b460>: Failed to establish a new connection: [Errno 8] nodename nor servname provided, or not known'))

During handling of the above exception, another exception occurred:

Traceback (most recent call last):
  File "/Users/max/opt/anaconda3/lib/python3.9/site-packages/wandb/sdk/lib/retry.py", line 102, in __call__
    result = self._call_fn(*args, **kwargs)
  File "/Users/max/opt/anaconda3/lib/python3.9/site-packages/wandb/sdk/internal/internal_api.py", line 140, in execute
    return self.client.execute(*args, **kwargs)
  File "/Users/max/opt/anaconda3/lib/python3.9/site-packages/wandb/vendor/gql-0.2.0/wandb_gql/client.py", line 52, in execute
    result = self._get_result(document, *args, **kwargs)
  File "/Users/max/opt/anaconda3/lib/python3.9/site-packages/wandb/vendor/gql-0.2.0/wandb_gql/client.py", line 60, in _get_result
    return self.transport.execute(document, *args, **kwargs)
  File "/Users/max/opt/anaconda3/lib/python3.9/site-packages/wandb/vendor/gql-0.2.0/wandb_gql/transport/requests.py", line 38, in execute
    request = requests.post(self.url, **post_args)
  File "/Users/max/opt/anaconda3/lib/python3.9/site-packages/requests/api.py", line 117, in post
    return request('post', url, data=data, json=json, **kwargs)
  File "/Users/max/opt/anaconda3/lib/python3.9/site-packages/requests/api.py", line 61, in request
    return session.request(method=method, url=url, **kwargs)
  File "/Users/max/opt/anaconda3/lib/python3.9/site-packages/requests/sessions.py", line 542, in request
    resp = self.send(prep, **send_kwargs)
  File "/Users/max/opt/anaconda3/lib/python3.9/site-packages/requests/sessions.py", line 655, in send
    r = adapter.send(request, **kwargs)
  File "/Users/max/opt/anaconda3/lib/python3.9/site-packages/requests/adapters.py", line 516, in send
    raise ConnectionError(e, request=request)
requests.exceptions.ConnectionError: HTTPSConnectionPool(host='api.wandb.ai', port=443): Max retries exceeded with url: /graphql (Caused by NewConnectionError('<urllib3.connection.HTTPSConnection object at 0x7fdc5961b460>: Failed to establish a new connection: [Errno 8] nodename nor servname provided, or not known'))
2022-04-25 12:14:09,139 INFO    Thread-7  :5148 [dir_watcher.py:_on_file_modified():226] file/dir modified: /Users/max/Developer/future-studio-lab/dalle-playground/backend/wandb/run-20220425_121339-30ohblze/files/output.log
2022-04-25 12:14:09,366 DEBUG   HandlerThread:5148 [handler.py:handle_request():141] handle_request: poll_exit
2022-04-25 12:14:10,143 INFO    Thread-7  :5148 [dir_watcher.py:_on_file_modified():226] file/dir modified: /Users/max/Developer/future-studio-lab/dalle-playground/backend/wandb/run-20220425_121339-30ohblze/files/output.log
2022-04-25 12:14:14,469 DEBUG   HandlerThread:5148 [handler.py:handle_request():141] handle_request: poll_exit
2022-04-25 12:14:19,575 DEBUG   HandlerThread:5148 [handler.py:handle_request():141] handle_request: poll_exit
2022-04-25 12:14:24,679 DEBUG   HandlerThread:5148 [handler.py:handle_request():141] handle_request: poll_exit
2022-04-25 12:14:29,782 DEBUG   HandlerThread:5148 [handler.py:handle_request():141] handle_request: poll_exit
2022-04-25 12:14:34,887 DEBUG   HandlerThread:5148 [handler.py:handle_request():141] handle_request: poll_exit
2022-04-25 12:14:39,990 DEBUG   HandlerThread:5148 [handler.py:handle_request():141] handle_request: poll_exit
2022-04-25 12:14:45,098 DEBUG   HandlerThread:5148 [handler.py:handle_request():141] handle_request: poll_exit
2022-04-25 12:14:50,203 DEBUG   HandlerThread:5148 [handler.py:handle_request():141] handle_request: poll_exit
2022-04-25 12:14:55,312 DEBUG   HandlerThread:5148 [handler.py:handle_request():141] handle_request: poll_exit
2022-04-25 12:15:00,420 DEBUG   HandlerThread:5148 [handler.py:handle_request():141] handle_request: poll_exit
2022-04-25 12:15:05,525 DEBUG   HandlerThread:5148 [handler.py:handle_request():141] handle_request: poll_exit
2022-04-25 12:15:10,629 DEBUG   HandlerThread:5148 [handler.py:handle_request():141] handle_request: poll_exit
2022-04-25 12:15:15,733 DEBUG   HandlerThread:5148 [handler.py:handle_request():141] handle_request: poll_exit
2022-04-25 12:15:18,699 DEBUG   SenderThread:5148 [sender.py:send():232] send: telemetry
2022-04-25 12:15:18,700 DEBUG   SenderThread:5148 [sender.py:send():232] send: exit
2022-04-25 12:15:18,700 INFO    SenderThread:5148 [sender.py:send_exit():368] handling exit code: 1
2022-04-25 12:15:18,700 INFO    SenderThread:5148 [sender.py:send_exit():370] handling runtime: 26
2022-04-25 12:15:18,701 INFO    SenderThread:5148 [sender.py:_save_file():946] saving file wandb-summary.json with policy end
2022-04-25 12:15:18,701 INFO    SenderThread:5148 [sender.py:send_exit():376] send defer
2022-04-25 12:15:18,701 DEBUG   SenderThread:5148 [sender.py:send_request():246] send_request: poll_exit
2022-04-25 12:15:18,702 DEBUG   SenderThread:5148 [sender.py:send():232] send: stats
2022-04-25 12:15:18,702 DEBUG   HandlerThread:5148 [handler.py:handle_request():141] handle_request: defer
2022-04-25 12:15:18,702 DEBUG   SenderThread:5148 [sender.py:send_request():246] send_request: poll_exit
2022-04-25 12:15:18,702 INFO    HandlerThread:5148 [handler.py:handle_request_defer():164] handle defer: 0
2022-04-25 12:15:18,703 DEBUG   SenderThread:5148 [sender.py:send_request():246] send_request: poll_exit
2022-04-25 12:15:18,703 DEBUG   SenderThread:5148 [sender.py:send_request():246] send_request: poll_exit
2022-04-25 12:15:18,703 DEBUG   SenderThread:5148 [sender.py:send_request():246] send_request: poll_exit
2022-04-25 12:15:18,704 DEBUG   SenderThread:5148 [sender.py:send_request():246] send_request: poll_exit
2022-04-25 12:15:18,704 DEBUG   SenderThread:5148 [sender.py:send_request():246] send_request: poll_exit
2022-04-25 12:15:18,704 DEBUG   SenderThread:5148 [sender.py:send():232] send: stats
2022-04-25 12:15:18,705 DEBUG   SenderThread:5148 [sender.py:send_request():246] send_request: poll_exit
2022-04-25 12:15:18,705 DEBUG   SenderThread:5148 [sender.py:send_request():246] send_request: poll_exit
2022-04-25 12:15:18,705 DEBUG   SenderThread:5148 [sender.py:send_request():246] send_request: poll_exit
2022-04-25 12:15:18,705 DEBUG   SenderThread:5148 [sender.py:send_request():246] send_request: poll_exit
2022-04-25 12:15:18,706 DEBUG   SenderThread:5148 [sender.py:send_request():246] send_request: poll_exit
2022-04-25 12:15:18,706 DEBUG   SenderThread:5148 [sender.py:send_request():246] send_request: poll_exit
2022-04-25 12:15:18,706 DEBUG   SenderThread:5148 [sender.py:send():232] send: stats
2022-04-25 12:15:18,707 DEBUG   SenderThread:5148 [sender.py:send_request():246] send_request: poll_exit
2022-04-25 12:15:18,707 DEBUG   SenderThread:5148 [sender.py:send_request():246] send_request: defer
2022-04-25 12:15:18,707 INFO    SenderThread:5148 [sender.py:send_request_defer():385] handle sender defer: 0
2022-04-25 12:15:18,707 INFO    SenderThread:5148 [sender.py:transition_state():389] send defer: 1
2022-04-25 12:15:18,708 DEBUG   HandlerThread:5148 [handler.py:handle_request():141] handle_request: defer
2022-04-25 12:15:18,708 INFO    HandlerThread:5148 [handler.py:handle_request_defer():164] handle defer: 1
2022-04-25 12:15:18,737 DEBUG   SenderThread:5148 [sender.py:send_request():246] send_request: defer
2022-04-25 12:15:18,737 INFO    SenderThread:5148 [sender.py:send_request_defer():385] handle sender defer: 1
2022-04-25 12:15:18,737 INFO    SenderThread:5148 [sender.py:transition_state():389] send defer: 2
2022-04-25 12:15:18,737 DEBUG   SenderThread:5148 [sender.py:send():232] send: stats
2022-04-25 12:15:18,738 DEBUG   HandlerThread:5148 [handler.py:handle_request():141] handle_request: defer
2022-04-25 12:15:18,738 INFO    HandlerThread:5148 [handler.py:handle_request_defer():164] handle defer: 2
2022-04-25 12:15:18,738 DEBUG   SenderThread:5148 [sender.py:send_request():246] send_request: defer
2022-04-25 12:15:18,738 INFO    SenderThread:5148 [sender.py:send_request_defer():385] handle sender defer: 2
2022-04-25 12:15:18,738 INFO    SenderThread:5148 [sender.py:transition_state():389] send defer: 3
2022-04-25 12:15:18,738 DEBUG   HandlerThread:5148 [handler.py:handle_request():141] handle_request: defer
2022-04-25 12:15:18,738 INFO    HandlerThread:5148 [handler.py:handle_request_defer():164] handle defer: 3
2022-04-25 12:15:18,739 DEBUG   SenderThread:5148 [sender.py:send_request():246] send_request: defer
2022-04-25 12:15:18,739 INFO    SenderThread:5148 [sender.py:send_request_defer():385] handle sender defer: 3
2022-04-25 12:15:18,739 INFO    SenderThread:5148 [sender.py:transition_state():389] send defer: 4
2022-04-25 12:15:18,739 DEBUG   HandlerThread:5148 [handler.py:handle_request():141] handle_request: defer
2022-04-25 12:15:18,739 INFO    HandlerThread:5148 [handler.py:handle_request_defer():164] handle defer: 4
2022-04-25 12:15:18,739 DEBUG   SenderThread:5148 [sender.py:send():232] send: summary
2022-04-25 12:15:18,740 INFO    SenderThread:5148 [sender.py:_save_file():946] saving file wandb-summary.json with policy end
2022-04-25 12:15:18,740 DEBUG   SenderThread:5148 [sender.py:send_request():246] send_request: defer
2022-04-25 12:15:18,740 INFO    SenderThread:5148 [sender.py:send_request_defer():385] handle sender defer: 4
2022-04-25 12:15:18,740 INFO    SenderThread:5148 [sender.py:transition_state():389] send defer: 5
2022-04-25 12:15:18,740 DEBUG   HandlerThread:5148 [handler.py:handle_request():141] handle_request: defer
2022-04-25 12:15:18,740 INFO    HandlerThread:5148 [handler.py:handle_request_defer():164] handle defer: 5
2022-04-25 12:15:18,741 DEBUG   SenderThread:5148 [sender.py:send_request():246] send_request: defer
2022-04-25 12:15:18,741 INFO    SenderThread:5148 [sender.py:send_request_defer():385] handle sender defer: 5
2022-04-25 12:15:18,810 DEBUG   HandlerThread:5148 [handler.py:handle_request():141] handle_request: poll_exit
2022-04-25 12:15:19,005 INFO    SenderThread:5148 [sender.py:transition_state():389] send defer: 6
2022-04-25 12:15:19,005 DEBUG   SenderThread:5148 [sender.py:send_request():246] send_request: poll_exit
2022-04-25 12:15:19,005 DEBUG   HandlerThread:5148 [handler.py:handle_request():141] handle_request: defer
2022-04-25 12:15:19,005 INFO    HandlerThread:5148 [handler.py:handle_request_defer():164] handle defer: 6
2022-04-25 12:15:19,006 DEBUG   SenderThread:5148 [sender.py:send_request():246] send_request: defer
2022-04-25 12:15:19,006 INFO    SenderThread:5148 [sender.py:send_request_defer():385] handle sender defer: 6
2022-04-25 12:15:19,006 INFO    SenderThread:5148 [dir_watcher.py:finish():279] shutting down directory watcher
2022-04-25 12:15:19,107 DEBUG   HandlerThread:5148 [handler.py:handle_request():141] handle_request: poll_exit
2022-04-25 12:15:19,360 INFO    SenderThread:5148 [dir_watcher.py:_on_file_modified():226] file/dir modified: /Users/max/Developer/future-studio-lab/dalle-playground/backend/wandb/run-20220425_121339-30ohblze/files/wandb-summary.json
2022-04-25 12:15:19,360 INFO    SenderThread:5148 [dir_watcher.py:_on_file_modified():226] file/dir modified: /Users/max/Developer/future-studio-lab/dalle-playground/backend/wandb/run-20220425_121339-30ohblze/files/config.yaml
2022-04-25 12:15:19,361 INFO    SenderThread:5148 [dir_watcher.py:finish():309] scan: /Users/max/Developer/future-studio-lab/dalle-playground/backend/wandb/run-20220425_121339-30ohblze/files
2022-04-25 12:15:19,361 INFO    SenderThread:5148 [dir_watcher.py:finish():323] scan save: /Users/max/Developer/future-studio-lab/dalle-playground/backend/wandb/run-20220425_121339-30ohblze/files/requirements.txt requirements.txt
2022-04-25 12:15:19,361 INFO    SenderThread:5148 [dir_watcher.py:finish():323] scan save: /Users/max/Developer/future-studio-lab/dalle-playground/backend/wandb/run-20220425_121339-30ohblze/files/output.log output.log
2022-04-25 12:15:19,362 INFO    SenderThread:5148 [dir_watcher.py:finish():323] scan save: /Users/max/Developer/future-studio-lab/dalle-playground/backend/wandb/run-20220425_121339-30ohblze/files/config.yaml config.yaml
2022-04-25 12:15:19,365 INFO    SenderThread:5148 [dir_watcher.py:finish():323] scan save: /Users/max/Developer/future-studio-lab/dalle-playground/backend/wandb/run-20220425_121339-30ohblze/files/wandb-summary.json wandb-summary.json
2022-04-25 12:15:19,368 INFO    SenderThread:5148 [dir_watcher.py:finish():323] scan save: /Users/max/Developer/future-studio-lab/dalle-playground/backend/wandb/run-20220425_121339-30ohblze/files/conda-environment.yaml conda-environment.yaml
2022-04-25 12:15:19,371 INFO    SenderThread:5148 [dir_watcher.py:finish():323] scan save: /Users/max/Developer/future-studio-lab/dalle-playground/backend/wandb/run-20220425_121339-30ohblze/files/wandb-metadata.json wandb-metadata.json
2022-04-25 12:15:19,371 INFO    SenderThread:5148 [sender.py:transition_state():389] send defer: 7
2022-04-25 12:15:19,371 DEBUG   SenderThread:5148 [sender.py:send_request():246] send_request: poll_exit
2022-04-25 12:15:19,374 DEBUG   HandlerThread:5148 [handler.py:handle_request():141] handle_request: defer
2022-04-25 12:15:19,376 INFO    HandlerThread:5148 [handler.py:handle_request_defer():164] handle defer: 7
2022-04-25 12:15:19,378 DEBUG   SenderThread:5148 [sender.py:send_request():246] send_request: defer
2022-04-25 12:15:19,378 INFO    SenderThread:5148 [sender.py:send_request_defer():385] handle sender defer: 7
2022-04-25 12:15:19,378 INFO    SenderThread:5148 [file_pusher.py:finish():145] shutting down file pusher
2022-04-25 12:15:19,478 DEBUG   HandlerThread:5148 [handler.py:handle_request():141] handle_request: poll_exit
2022-04-25 12:15:19,478 DEBUG   SenderThread:5148 [sender.py:send_request():246] send_request: poll_exit
2022-04-25 12:15:19,583 DEBUG   HandlerThread:5148 [handler.py:handle_request():141] handle_request: poll_exit
2022-04-25 12:15:19,583 DEBUG   SenderThread:5148 [sender.py:send_request():246] send_request: poll_exit
2022-04-25 12:15:19,687 DEBUG   HandlerThread:5148 [handler.py:handle_request():141] handle_request: poll_exit
2022-04-25 12:15:19,687 DEBUG   SenderThread:5148 [sender.py:send_request():246] send_request: poll_exit
2022-04-25 12:15:19,793 DEBUG   HandlerThread:5148 [handler.py:handle_request():141] handle_request: poll_exit
2022-04-25 12:15:19,793 DEBUG   SenderThread:5148 [sender.py:send_request():246] send_request: poll_exit
2022-04-25 12:15:19,895 DEBUG   HandlerThread:5148 [handler.py:handle_request():141] handle_request: poll_exit
2022-04-25 12:15:19,896 DEBUG   SenderThread:5148 [sender.py:send_request():246] send_request: poll_exit
2022-04-25 12:15:19,997 DEBUG   HandlerThread:5148 [handler.py:handle_request():141] handle_request: poll_exit
2022-04-25 12:15:19,997 DEBUG   SenderThread:5148 [sender.py:send_request():246] send_request: poll_exit
2022-04-25 12:15:20,099 DEBUG   HandlerThread:5148 [handler.py:handle_request():141] handle_request: poll_exit
2022-04-25 12:15:20,100 DEBUG   SenderThread:5148 [sender.py:send_request():246] send_request: poll_exit
2022-04-25 12:15:20,204 DEBUG   HandlerThread:5148 [handler.py:handle_request():141] handle_request: poll_exit
2022-04-25 12:15:20,205 DEBUG   SenderThread:5148 [sender.py:send_request():246] send_request: poll_exit
2022-04-25 12:15:20,308 DEBUG   HandlerThread:5148 [handler.py:handle_request():141] handle_request: poll_exit
2022-04-25 12:15:20,308 DEBUG   SenderThread:5148 [sender.py:send_request():246] send_request: poll_exit
2022-04-25 12:15:20,411 DEBUG   HandlerThread:5148 [handler.py:handle_request():141] handle_request: poll_exit
2022-04-25 12:15:20,411 DEBUG   SenderThread:5148 [sender.py:send_request():246] send_request: poll_exit
2022-04-25 12:15:20,513 DEBUG   HandlerThread:5148 [handler.py:handle_request():141] handle_request: poll_exit
2022-04-25 12:15:20,513 DEBUG   SenderThread:5148 [sender.py:send_request():246] send_request: poll_exit
2022-04-25 12:15:20,616 DEBUG   HandlerThread:5148 [handler.py:handle_request():141] handle_request: poll_exit
2022-04-25 12:15:20,616 DEBUG   SenderThread:5148 [sender.py:send_request():246] send_request: poll_exit
2022-04-25 12:15:20,718 DEBUG   HandlerThread:5148 [handler.py:handle_request():141] handle_request: poll_exit
2022-04-25 12:15:20,719 DEBUG   SenderThread:5148 [sender.py:send_request():246] send_request: poll_exit
2022-04-25 12:15:20,823 DEBUG   HandlerThread:5148 [handler.py:handle_request():141] handle_request: poll_exit
2022-04-25 12:15:20,823 DEBUG   SenderThread:5148 [sender.py:send_request():246] send_request: poll_exit
2022-04-25 12:15:20,925 DEBUG   HandlerThread:5148 [handler.py:handle_request():141] handle_request: poll_exit
2022-04-25 12:15:20,925 DEBUG   SenderThread:5148 [sender.py:send_request():246] send_request: poll_exit
2022-04-25 12:15:21,027 DEBUG   HandlerThread:5148 [handler.py:handle_request():141] handle_request: poll_exit
2022-04-25 12:15:21,027 DEBUG   SenderThread:5148 [sender.py:send_request():246] send_request: poll_exit
2022-04-25 12:15:21,061 INFO    Thread-16 :5148 [upload_job.py:push():137] Uploaded file /Users/max/Developer/future-studio-lab/dalle-playground/backend/wandb/run-20220425_121339-30ohblze/files/conda-environment.yaml
2022-04-25 12:15:21,132 DEBUG   HandlerThread:5148 [handler.py:handle_request():141] handle_request: poll_exit
2022-04-25 12:15:21,133 DEBUG   SenderThread:5148 [sender.py:send_request():246] send_request: poll_exit
2022-04-25 12:15:21,237 DEBUG   HandlerThread:5148 [handler.py:handle_request():141] handle_request: poll_exit
2022-04-25 12:15:21,237 DEBUG   SenderThread:5148 [sender.py:send_request():246] send_request: poll_exit
2022-04-25 12:15:21,338 DEBUG   HandlerThread:5148 [handler.py:handle_request():141] handle_request: poll_exit
2022-04-25 12:15:21,339 DEBUG   SenderThread:5148 [sender.py:send_request():246] send_request: poll_exit
2022-04-25 12:15:21,443 DEBUG   HandlerThread:5148 [handler.py:handle_request():141] handle_request: poll_exit
2022-04-25 12:15:21,443 DEBUG   SenderThread:5148 [sender.py:send_request():246] send_request: poll_exit
2022-04-25 12:15:21,545 DEBUG   HandlerThread:5148 [handler.py:handle_request():141] handle_request: poll_exit
2022-04-25 12:15:21,546 DEBUG   SenderThread:5148 [sender.py:send_request():246] send_request: poll_exit
2022-04-25 12:15:21,650 DEBUG   HandlerThread:5148 [handler.py:handle_request():141] handle_request: poll_exit
2022-04-25 12:15:21,650 DEBUG   SenderThread:5148 [sender.py:send_request():246] send_request: poll_exit
2022-04-25 12:15:21,755 DEBUG   HandlerThread:5148 [handler.py:handle_request():141] handle_request: poll_exit
2022-04-25 12:15:21,755 DEBUG   SenderThread:5148 [sender.py:send_request():246] send_request: poll_exit
2022-04-25 12:15:21,825 INFO    Thread-15 :5148 [upload_job.py:push():137] Uploaded file /Users/max/Developer/future-studio-lab/dalle-playground/backend/wandb/run-20220425_121339-30ohblze/files/wandb-summary.json
2022-04-25 12:15:21,859 DEBUG   HandlerThread:5148 [handler.py:handle_request():141] handle_request: poll_exit
2022-04-25 12:15:21,859 DEBUG   SenderThread:5148 [sender.py:send_request():246] send_request: poll_exit
2022-04-25 12:15:21,965 DEBUG   HandlerThread:5148 [handler.py:handle_request():141] handle_request: poll_exit
2022-04-25 12:15:21,965 DEBUG   SenderThread:5148 [sender.py:send_request():246] send_request: poll_exit
2022-04-25 12:15:22,071 DEBUG   HandlerThread:5148 [handler.py:handle_request():141] handle_request: poll_exit
2022-04-25 12:15:22,071 DEBUG   SenderThread:5148 [sender.py:send_request():246] send_request: poll_exit
2022-04-25 12:15:22,178 DEBUG   HandlerThread:5148 [handler.py:handle_request():141] handle_request: poll_exit
2022-04-25 12:15:22,178 DEBUG   SenderThread:5148 [sender.py:send_request():246] send_request: poll_exit
2022-04-25 12:15:22,281 DEBUG   HandlerThread:5148 [handler.py:handle_request():141] handle_request: poll_exit
2022-04-25 12:15:22,282 DEBUG   SenderThread:5148 [sender.py:send_request():246] send_request: poll_exit
2022-04-25 12:15:22,386 INFO    Thread-14 :5148 [upload_job.py:push():137] Uploaded file /Users/max/Developer/future-studio-lab/dalle-playground/backend/wandb/run-20220425_121339-30ohblze/files/config.yaml
2022-04-25 12:15:22,387 DEBUG   HandlerThread:5148 [handler.py:handle_request():141] handle_request: poll_exit
2022-04-25 12:15:22,387 DEBUG   SenderThread:5148 [sender.py:send_request():246] send_request: poll_exit
2022-04-25 12:15:22,475 INFO    Thread-13 :5148 [upload_job.py:push():137] Uploaded file /Users/max/Developer/future-studio-lab/dalle-playground/backend/wandb/run-20220425_121339-30ohblze/files/output.log
2022-04-25 12:15:22,489 DEBUG   HandlerThread:5148 [handler.py:handle_request():141] handle_request: poll_exit
2022-04-25 12:15:22,489 DEBUG   SenderThread:5148 [sender.py:send_request():246] send_request: poll_exit
2022-04-25 12:15:22,593 DEBUG   HandlerThread:5148 [handler.py:handle_request():141] handle_request: poll_exit
2022-04-25 12:15:22,593 DEBUG   SenderThread:5148 [sender.py:send_request():246] send_request: poll_exit
2022-04-25 12:15:22,695 DEBUG   HandlerThread:5148 [handler.py:handle_request():141] handle_request: poll_exit
2022-04-25 12:15:22,695 DEBUG   SenderThread:5148 [sender.py:send_request():246] send_request: poll_exit
2022-04-25 12:15:22,799 INFO    Thread-12 :5148 [upload_job.py:push():137] Uploaded file /Users/max/Developer/future-studio-lab/dalle-playground/backend/wandb/run-20220425_121339-30ohblze/files/requirements.txt
2022-04-25 12:15:22,800 DEBUG   HandlerThread:5148 [handler.py:handle_request():141] handle_request: poll_exit
2022-04-25 12:15:22,800 DEBUG   SenderThread:5148 [sender.py:send_request():246] send_request: poll_exit
2022-04-25 12:15:22,903 DEBUG   HandlerThread:5148 [handler.py:handle_request():141] handle_request: poll_exit
2022-04-25 12:15:22,904 DEBUG   SenderThread:5148 [sender.py:send_request():246] send_request: poll_exit
2022-04-25 12:15:23,000 INFO    Thread-6  :5148 [sender.py:transition_state():389] send defer: 8
2022-04-25 12:15:23,000 DEBUG   HandlerThread:5148 [handler.py:handle_request():141] handle_request: defer
2022-04-25 12:15:23,001 INFO    HandlerThread:5148 [handler.py:handle_request_defer():164] handle defer: 8
2022-04-25 12:15:23,001 DEBUG   SenderThread:5148 [sender.py:send_request():246] send_request: defer
2022-04-25 12:15:23,001 INFO    SenderThread:5148 [sender.py:send_request_defer():385] handle sender defer: 8
2022-04-25 12:15:23,006 DEBUG   HandlerThread:5148 [handler.py:handle_request():141] handle_request: poll_exit
2022-04-25 12:15:28,008 WARNING FileStreamThread:5148 [file_stream.py:request_with_retry():593] requests_with_retry encountered retryable exception: HTTPSConnectionPool(host='api.wandb.ai', port=443): Read timed out. (read timeout=None). func: <bound method Session.post of <requests.sessions.Session object at 0x7fdc5933f2e0>>, args: ('https://api.wandb.ai/files/anony-moose-241588/dalle-playground-backend/30ohblze/file_stream',), kwargs: {'json': {'complete': False, 'failed': False, 'dropped': 0, 'uploaded': []}}
2022-04-25 12:15:28,110 DEBUG   HandlerThread:5148 [handler.py:handle_request():141] handle_request: poll_exit
2022-04-25 12:15:29,129 WARNING MainThread:5148 [internal.py:wandb_internal():153] Internal process interrupt: 1
2022-04-25 12:15:32,257 INFO    SenderThread:5148 [sender.py:transition_state():389] send defer: 9
2022-04-25 12:15:32,258 DEBUG   SenderThread:5148 [sender.py:send_request():246] send_request: poll_exit
2022-04-25 12:15:32,258 DEBUG   SenderThread:5148 [sender.py:send_request():246] send_request: poll_exit
2022-04-25 12:15:32,259 DEBUG   HandlerThread:5148 [handler.py:handle_request():141] handle_request: defer
2022-04-25 12:15:32,259 INFO    HandlerThread:5148 [handler.py:handle_request_defer():164] handle defer: 9
2022-04-25 12:15:32,259 DEBUG   SenderThread:5148 [sender.py:send_request():246] send_request: defer
2022-04-25 12:15:32,259 INFO    SenderThread:5148 [sender.py:send_request_defer():385] handle sender defer: 9
2022-04-25 12:15:32,259 INFO    SenderThread:5148 [sender.py:transition_state():389] send defer: 10
2022-04-25 12:15:32,260 DEBUG   SenderThread:5148 [sender.py:send():232] send: final
2022-04-25 12:15:32,260 DEBUG   SenderThread:5148 [sender.py:send():232] send: footer
2022-04-25 12:15:32,260 DEBUG   HandlerThread:5148 [handler.py:handle_request():141] handle_request: defer
2022-04-25 12:15:32,260 INFO    HandlerThread:5148 [handler.py:handle_request_defer():164] handle defer: 10
2022-04-25 12:15:32,261 DEBUG   SenderThread:5148 [sender.py:send_request():246] send_request: defer
2022-04-25 12:15:32,261 INFO    SenderThread:5148 [sender.py:send_request_defer():385] handle sender defer: 10
2022-04-25 12:15:35,145 WARNING MainThread:5148 [internal.py:is_dead():387] Internal process exiting, parent pid 5132 disappeared
2022-04-25 12:15:35,146 ERROR   MainThread:5148 [internal.py:wandb_internal():149] Internal process shutdown.
2022-04-25 12:15:35,267 INFO    WriterThread:5148 [datastore.py:close():279] close: /Users/max/Developer/future-studio-lab/dalle-playground/backend/wandb/run-20220425_121339-30ohblze/run-30ohblze.wandb
2022-04-25 12:15:35,267 INFO    SenderThread:5148 [sender.py:finish():1106] shutting down sender
2022-04-25 12:15:35,267 INFO    HandlerThread:5148 [handler.py:finish():806] shutting down handler
2022-04-25 12:15:35,268 INFO    SenderThread:5148 [file_pusher.py:finish():145] shutting down file pusher
2022-04-25 12:15:35,268 INFO    SenderThread:5148 [file_pusher.py:join():150] waiting for file pusher
2022-04-25 12:15:35,269 INFO    MainThread:5148 [internal.py:handle_exit():80] Internal process exited
